[debug] [2024-05-27T15:17:22.101Z] ----------------------------------------------------------------------
[debug] [2024-05-27T15:17:22.105Z] Command:       C:\Program Files\nodejs\node.exe C:\Users\Humanli\AppData\Roaming\npm\node_modules\firebase-tools\lib\bin\firebase.js init
[debug] [2024-05-27T15:17:22.106Z] CLI Version:   13.9.0
[debug] [2024-05-27T15:17:22.106Z] Platform:      win32
[debug] [2024-05-27T15:17:22.106Z] Node Version:  v20.10.0
[debug] [2024-05-27T15:17:22.106Z] Time:          Mon May 27 2024 20:47:22 GMT+0530 (India Standard Time)
[debug] [2024-05-27T15:17:22.107Z] Env Overrides: FIRESTORE_EMULATOR_HOST
[debug] [2024-05-27T15:17:22.107Z] ----------------------------------------------------------------------
[debug] 
[debug] [2024-05-27T15:17:22.116Z] > command requires scopes: ["email","openid","https://www.googleapis.com/auth/cloudplatformprojects.readonly","https://www.googleapis.com/auth/firebase","https://www.googleapis.com/auth/cloud-platform"]
[debug] [2024-05-27T15:17:22.116Z] > authorizing via signed-in user (harshul.mathur@humanli.ai)
[info] 
     ######## #### ########  ######## ########     ###     ######  ########
     ##        ##  ##     ## ##       ##     ##  ##   ##  ##       ##
     ######    ##  ########  ######   ########  #########  ######  ######
     ##        ##  ##    ##  ##       ##     ## ##     ##       ## ##
     ##       #### ##     ## ######## ########  ##     ##  ######  ########

You're about to initialize a Firebase project in this directory:

  C:\Users\Humanli\Desktop\trip-planner

[info] 
=== Project Setup
[info] 
[info] First, let's associate this project directory with a Firebase project.
[info] You can create multiple project aliases by running firebase use --add, 
[info] but for now we'll just set up a default project.
[info] 
[debug] [2024-05-27T15:17:52.242Z] >>> [apiv2][query] GET https://firebase.googleapis.com/v1beta1/projects pageSize=100
[debug] [2024-05-27T15:17:53.222Z] <<< [apiv2][status] GET https://firebase.googleapis.com/v1beta1/projects 200
[debug] [2024-05-27T15:17:53.223Z] <<< [apiv2][body] GET https://firebase.googleapis.com/v1beta1/projects [omitted]
[info] i  Using project trip-planner-7748a (trip-planner) 
[info] 
=== Firestore Setup
[debug] [2024-05-27T15:17:55.607Z] >>> [apiv2][query] GET https://serviceusage.googleapis.com/v1/projects/trip-planner-7748a/services/firestore.googleapis.com [none]
[debug] [2024-05-27T15:17:55.607Z] >>> [apiv2][(partial)header] GET https://serviceusage.googleapis.com/v1/projects/trip-planner-7748a/services/firestore.googleapis.com x-goog-quota-user=projects/trip-planner-7748a
[debug] [2024-05-27T15:17:57.693Z] <<< [apiv2][status] GET https://serviceusage.googleapis.com/v1/projects/trip-planner-7748a/services/firestore.googleapis.com 200
[debug] [2024-05-27T15:17:57.693Z] <<< [apiv2][body] GET https://serviceusage.googleapis.com/v1/projects/trip-planner-7748a/services/firestore.googleapis.com [omitted]
[debug] [2024-05-27T15:17:57.693Z] >>> [apiv2][query] GET https://firestore.googleapis.com/v1/projects/trip-planner-7748a/databases/(default) [none]
[debug] [2024-05-27T15:17:58.080Z] <<< [apiv2][status] GET https://firestore.googleapis.com/v1/projects/trip-planner-7748a/databases/(default) 200
[debug] [2024-05-27T15:17:58.081Z] <<< [apiv2][body] GET https://firestore.googleapis.com/v1/projects/trip-planner-7748a/databases/(default) {"name":"projects/trip-planner-7748a/databases/(default)","uid":"dcf4d753-8a36-4462-b578-d5a622f404dd","createTime":"2024-05-27T15:03:56.119415Z","updateTime":"2024-05-27T15:03:56.119415Z","locationId":"asia-south1","type":"FIRESTORE_NATIVE","concurrencyMode":"PESSIMISTIC","versionRetentionPeriod":"3600s","earliestVersionTime":"2024-05-27T15:03:56.119415Z","appEngineIntegrationMode":"DISABLED","keyPrefix":"j","pointInTimeRecoveryEnablement":"POINT_IN_TIME_RECOVERY_DISABLED","deleteProtectionState":"DELETE_PROTECTION_DISABLED","etag":"IPaFkq6QroYDMNO9qKeOroYD"}
[debug] [2024-05-27T15:17:58.081Z] database_type: FIRESTORE_NATIVE
[debug] [2024-05-27T15:17:58.081Z] > command requires scopes: ["email","openid","https://www.googleapis.com/auth/cloudplatformprojects.readonly","https://www.googleapis.com/auth/firebase","https://www.googleapis.com/auth/cloud-platform"]
[debug] [2024-05-27T15:17:58.082Z] > authorizing via signed-in user (harshul.mathur@humanli.ai)
[debug] [2024-05-27T15:17:58.082Z] [iam] checking project trip-planner-7748a for permissions ["firebase.projects.get"]
[debug] [2024-05-27T15:17:58.082Z] >>> [apiv2][query] POST https://cloudresourcemanager.googleapis.com/v1/projects/trip-planner-7748a:testIamPermissions [none]
[debug] [2024-05-27T15:17:58.082Z] >>> [apiv2][(partial)header] POST https://cloudresourcemanager.googleapis.com/v1/projects/trip-planner-7748a:testIamPermissions x-goog-quota-user=projects/trip-planner-7748a
[debug] [2024-05-27T15:17:58.082Z] >>> [apiv2][body] POST https://cloudresourcemanager.googleapis.com/v1/projects/trip-planner-7748a:testIamPermissions {"permissions":["firebase.projects.get"]}
[debug] [2024-05-27T15:17:59.697Z] <<< [apiv2][status] POST https://cloudresourcemanager.googleapis.com/v1/projects/trip-planner-7748a:testIamPermissions 200
[debug] [2024-05-27T15:17:59.697Z] <<< [apiv2][body] POST https://cloudresourcemanager.googleapis.com/v1/projects/trip-planner-7748a:testIamPermissions {"permissions":["firebase.projects.get"]}
[info] 
[info] Firestore Security Rules allow you to define how and when to allow
[info] requests. You can keep these rules in your project directory
[info] and publish them with firebase deploy.
[info] 
[debug] [2024-05-27T15:18:06.770Z] >>> [apiv2][query] GET https://firebaserules.googleapis.com/v1/projects/trip-planner-7748a/releases pageSize=10&pageToken=
[debug] [2024-05-27T15:18:08.335Z] <<< [apiv2][status] GET https://firebaserules.googleapis.com/v1/projects/trip-planner-7748a/releases 200
[debug] [2024-05-27T15:18:08.335Z] <<< [apiv2][body] GET https://firebaserules.googleapis.com/v1/projects/trip-planner-7748a/releases {"releases":[{"name":"projects/trip-planner-7748a/releases/cloud.firestore","rulesetName":"projects/trip-planner-7748a/rulesets/55680082-5016-4380-8282-534abf579389","createTime":"2024-05-27T15:04:04.791715Z","updateTime":"2024-05-27T15:07:25.818257Z"}]}
[debug] [2024-05-27T15:18:08.335Z] Found ruleset: projects/trip-planner-7748a/rulesets/55680082-5016-4380-8282-534abf579389
[debug] [2024-05-27T15:18:08.336Z] >>> [apiv2][query] GET https://firebaserules.googleapis.com/v1/projects/trip-planner-7748a/rulesets/55680082-5016-4380-8282-534abf579389 [none]
[debug] [2024-05-27T15:18:09.705Z] <<< [apiv2][status] GET https://firebaserules.googleapis.com/v1/projects/trip-planner-7748a/rulesets/55680082-5016-4380-8282-534abf579389 200
[debug] [2024-05-27T15:18:09.705Z] <<< [apiv2][body] GET https://firebaserules.googleapis.com/v1/projects/trip-planner-7748a/rulesets/55680082-5016-4380-8282-534abf579389 [omitted]
[info] 
[info] Firestore indexes allow you to perform complex queries while
[info] maintaining performance that scales with the size of the result
[info] set. You can keep index definitions in your project directory
[info] and publish them with firebase deploy.
[info] 
[debug] [2024-05-27T15:18:12.639Z] >>> [apiv2][query] GET https://firestore.googleapis.com/v1/projects/trip-planner-7748a/databases/(default)/collectionGroups/-/indexes [none]
[debug] [2024-05-27T15:18:12.641Z] >>> [apiv2][query] GET https://firestore.googleapis.com/v1/projects/trip-planner-7748a/databases/(default)/collectionGroups/-/fields?filter=indexConfig.usesAncestorConfig=false OR ttlConfig:* [none]
[debug] [2024-05-27T15:18:12.926Z] <<< [apiv2][status] GET https://firestore.googleapis.com/v1/projects/trip-planner-7748a/databases/(default)/collectionGroups/-/fields?filter=indexConfig.usesAncestorConfig=false OR ttlConfig:* 200
[debug] [2024-05-27T15:18:12.926Z] <<< [apiv2][body] GET https://firestore.googleapis.com/v1/projects/trip-planner-7748a/databases/(default)/collectionGroups/-/fields?filter=indexConfig.usesAncestorConfig=false OR ttlConfig:* {"fields":[{"name":"projects/trip-planner-7748a/databases/(default)/collectionGroups/__default__/fields/*","indexConfig":{"indexes":[{"queryScope":"COLLECTION","fields":[{"fieldPath":"*","order":"ASCENDING"}],"state":"READY"},{"queryScope":"COLLECTION","fields":[{"fieldPath":"*","order":"DESCENDING"}],"state":"READY"},{"queryScope":"COLLECTION","fields":[{"fieldPath":"*","arrayConfig":"CONTAINS"}],"state":"READY"}]}}]}
[debug] [2024-05-27T15:18:12.926Z] <<< [apiv2][status] GET https://firestore.googleapis.com/v1/projects/trip-planner-7748a/databases/(default)/collectionGroups/-/indexes 200
[debug] [2024-05-27T15:18:12.926Z] <<< [apiv2][body] GET https://firestore.googleapis.com/v1/projects/trip-planner-7748a/databases/(default)/collectionGroups/-/indexes {}
[info] 
=== Hosting Setup
[debug] [2024-05-27T15:18:12.930Z] >>> [apiv2][query] GET https://firebase.googleapis.com/v1beta1/projects/trip-planner-7748a [none]
[debug] [2024-05-27T15:18:13.381Z] <<< [apiv2][status] GET https://firebase.googleapis.com/v1beta1/projects/trip-planner-7748a 200
[debug] [2024-05-27T15:18:13.381Z] <<< [apiv2][body] GET https://firebase.googleapis.com/v1beta1/projects/trip-planner-7748a {"projectId":"trip-planner-7748a","projectNumber":"368183428678","displayName":"trip-planner","name":"projects/trip-planner-7748a","resources":{"hostingSite":"trip-planner-7748a"},"state":"ACTIVE","etag":"1_f6b462fa-78d3-4987-a9a3-9eccbccb56fb"}
[info] 
[info] Your public directory is the folder (relative to your project directory) that
[info] will contain Hosting assets to be uploaded with firebase deploy. If you
[info] have a build process for your assets, use your build's output directory.
[info] 
[debug] [2024-05-27T15:18:24.760Z] >>> [apiv2][query] GET https://www.gstatic.com/firebasejs/releases.json [none]
[debug] [2024-05-27T15:18:24.882Z] <<< [apiv2][status] GET https://www.gstatic.com/firebasejs/releases.json 200
[debug] [2024-05-27T15:18:24.883Z] <<< [apiv2][body] GET https://www.gstatic.com/firebasejs/releases.json {"current":{"version":"10.12.1","browserURL":"https://www.gstatic.com/firebasejs/10.12.1/firebase.js","packageURL":"https://www.gstatic.com/firebasejs/10.12.1/firebase.tgz"},"live":{"version":"10.12","browserURL":"https://www.gstatic.com/firebasejs/live/10.12/firebase.js","packageURL":"https://www.gstatic.com/firebasejs/live/10.12/firebase.tgz"},"components":{"analytics":"https://www.gstatic.com/firebasejs/10.12.1/firebase-analytics.js","app":"https://www.gstatic.com/firebasejs/10.12.1/firebase-app.js","app-check":"https://www.gstatic.com/firebasejs/10.12.1/firebase-app-check.js","auth":"https://www.gstatic.com/firebasejs/10.12.1/firebase-auth.js","auth/cordova":"https://www.gstatic.com/firebasejs/10.12.1/firebase-auth/cordova.js","auth/web-extension":"https://www.gstatic.com/firebasejs/10.12.1/firebase-auth/web-extension.js","functions":"https://www.gstatic.com/firebasejs/10.12.1/firebase-functions.js","firestore":"https://www.gstatic.com/firebasejs/10.12.1/firebase-firestore.js","firestore/lite":"https://www.gstatic.com/firebasejs/10.12.1/firebase-firestore/lite.js","installations":"https://www.gstatic.com/firebasejs/10.12.1/firebase-installations.js","storage":"https://www.gstatic.com/firebasejs/10.12.1/firebase-storage.js","performance":"https://www.gstatic.com/firebasejs/10.12.1/firebase-performance.js","remote-config":"https://www.gstatic.com/firebasejs/10.12.1/firebase-remote-config.js","messaging":"https://www.gstatic.com/firebasejs/10.12.1/firebase-messaging.js","messaging/sw":"https://www.gstatic.com/firebasejs/10.12.1/firebase-messaging/sw.js","database":"https://www.gstatic.com/firebasejs/10.12.1/firebase-database.js","vertexai-preview":"https://www.gstatic.com/firebasejs/10.12.1/firebase-vertexai-preview.js","firestore.memory":"https://www.gstatic.com/firebasejs/10.12.1/firebase-firestore.memory.js"}}
[info] +  Wrote public/index.html 
[info] 
[info] i  Detected a .git folder at C:\Users\Humanli\Desktop\trip-planner 
[info] i  Authorizing with GitHub to upload your service account to a GitHub repository's secrets store. 
[info] 
[info] Visit this URL on this device to log in:
[info] https://github.com/login/oauth/authorize?client_id=89cf50f02ac6aaed3484&state=883489301&redirect_uri=http%3A%2F%2Flocalhost%3A9005&scope=read%3Auser%20repo%20public_repo
[info] 
[info] Waiting for authentication...
[debug] [2024-05-27T15:19:09.241Z] >>> [apiv2][query] POST https://github.com/login/oauth/access_token [none]
[debug] [2024-05-27T15:19:09.242Z] >>> [apiv2][body] POST https://github.com/login/oauth/access_token [stream]
[debug] [2024-05-27T15:19:09.740Z] <<< [apiv2][status] POST https://github.com/login/oauth/access_token 200
[debug] [2024-05-27T15:19:09.740Z] <<< [apiv2][body] POST https://github.com/login/oauth/access_token {"access_token":"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","token_type":"bearer","scope":"read:user,repo"}
[debug] [2024-05-27T15:19:09.754Z] >>> [apiv2][query] GET https://api.github.com/user [none]
[debug] [2024-05-27T15:19:10.197Z] <<< [apiv2][status] GET https://api.github.com/user 200
[debug] [2024-05-27T15:19:10.197Z] <<< [apiv2][body] GET https://api.github.com/user {"login":"harshulmathur","id":169835002,"node_id":"U_kgDOCh95-g","avatar_url":"https://avatars.githubusercontent.com/u/169835002?v=4","gravatar_id":"","url":"https://api.github.com/users/harshulmathur","html_url":"https://github.com/harshulmathur","followers_url":"https://api.github.com/users/harshulmathur/followers","following_url":"https://api.github.com/users/harshulmathur/following{/other_user}","gists_url":"https://api.github.com/users/harshulmathur/gists{/gist_id}","starred_url":"https://api.github.com/users/harshulmathur/starred{/owner}{/repo}","subscriptions_url":"https://api.github.com/users/harshulmathur/subscriptions","organizations_url":"https://api.github.com/users/harshulmathur/orgs","repos_url":"https://api.github.com/users/harshulmathur/repos","events_url":"https://api.github.com/users/harshulmathur/events{/privacy}","received_events_url":"https://api.github.com/users/harshulmathur/received_events","type":"User","site_admin":false,"name":null,"company":null,"blog":"","location":null,"email":null,"hireable":null,"bio":null,"twitter_username":null,"public_repos":1,"public_gists":0,"followers":1,"following":0,"created_at":"2024-05-14T17:23:44Z","updated_at":"2024-05-15T12:07:42Z","private_gists":0,"total_private_repos":0,"owned_private_repos":0,"disk_usage":125,"collaborators":0,"two_factor_authentication":false,"plan":{"name":"free","space":976562499,"collaborators":0,"private_repos":10000}}
[info] 
[info] +  Success! Logged into GitHub as harshulmathur 
[info] 
[debug] [2024-05-27T15:19:26.975Z] >>> [apiv2][query] GET https://api.github.com/repos//actions/secrets/public-key type=owner
[debug] [2024-05-27T15:19:27.735Z] <<< [apiv2][status] GET https://api.github.com/repos//actions/secrets/public-key 404
[debug] [2024-05-27T15:19:27.735Z] <<< [apiv2][body] GET https://api.github.com/repos//actions/secrets/public-key {"message":"Not Found","documentation_url":"https://docs.github.com/rest"}
[info] 
[info] 
[error] !  The provided authorization cannot be used with this repository. If this repository is in an organization, did you remember to grant access? 
[info] 
[info] i  Action required: Visit this URL to ensure access has been granted to the appropriate organization(s) for the Firebase CLI GitHub OAuth App: 
[info] https://github.com/settings/connections/applications/89cf50f02ac6aaed3484
[info] 
